01:34:29 [INFO] utils.TestListeners - ====TEST EXECUTION STARTED====
01:34:29 [INFO] tests.HomeTest - Launching Browser
01:34:31 [INFO] tests.HomeTest - Navigating to URL
01:34:35 [INFO] utils.TestListeners - TEST STARTED:openSignupPage
01:34:35 [INFO] tests.HomeTest - ******Clicking on signupbutton******
01:34:36 [INFO] utils.TestListeners - TEST Pass:openSignupPage
01:34:36 [INFO] tests.HomeTest - Closing Browser
01:34:37 [INFO] tests.RegistrationTest - Launching Browser
01:34:38 [INFO] tests.RegistrationTest - Navigating to URL
01:34:41 [INFO] utils.TestListeners - TEST STARTED:Register
01:34:41 [INFO] tests.RegistrationTest - ******Starting RegistrationTest******
01:34:42 [INFO] tests.RegistrationTest - ******SignupData******
01:34:42 [INFO] tests.RegistrationTest - ******AccountInfoData******
01:34:42 [INFO] tests.RegistrationTest - ******ClickingOnSignUpButton******
01:34:43 [INFO] tests.RegistrationTest - ******EnteredName******
01:34:43 [INFO] tests.RegistrationTest - ******EnteredEmail******
01:34:43 [INFO] tests.RegistrationTest - ******clickedon signupbutton******
01:34:46 [INFO] tests.RegistrationTest - ******EnterePassword******
01:34:46 [INFO] tests.RegistrationTest - ******EntereFirstName,LastName,Address,State,City,ZIP,MobileNumber******
01:34:46 [INFO] tests.RegistrationTest - ******selectDOB******
01:34:47 [INFO] tests.RegistrationTest - ******ClickingOnCreateAccountButton******
01:34:49 [INFO] tests.RegistrationTest - ******ValidationOfMessage******
01:34:49 [INFO] tests.RegistrationTest - ******ClickingOnContinueButton******
01:34:51 [INFO] utils.TestListeners - TEST Pass:Register
01:34:51 [INFO] tests.RegistrationTest - Closing Browser
01:34:52 [INFO] tests.LoginTest - Launching Browser
01:34:53 [INFO] tests.LoginTest - Navigating to URL
01:35:03 [INFO] utils.TestListeners - TEST STARTED:login
01:35:03 [INFO] tests.LoginTest - ******Clicking on signup/loginbutton******
01:35:05 [INFO] tests.LoginTest - ******LoginData******
01:35:09 [INFO] utils.TestListeners - TEST Pass:login
01:35:09 [INFO] tests.LoginTest - Closing Browser
01:35:09 [INFO] tests.ProductTest - Launching Browser
01:35:10 [INFO] tests.ProductTest - Navigating to URL
01:35:13 [INFO] utils.TestListeners - TEST STARTED:Product
01:35:13 [INFO] tests.ProductTest - ******Clicking on signupbutton******
01:35:14 [INFO] tests.ProductTest - ******LoginData******
01:35:17 [INFO] tests.ProductTest - ******Clicking on Products******
01:35:19 [INFO] tests.ProductTest - ******Clicking on Category******
01:35:21 [INFO] tests.ProductTest - ******Clicking on Specific product******
01:35:22 [INFO] utils.TestListeners - TEST Pass:Product
01:35:22 [INFO] tests.ProductTest - Closing Browser
01:35:22 [INFO] tests.ProductDetailsTest - Launching Browser
01:35:23 [INFO] tests.ProductDetailsTest - Navigating to URL
01:35:27 [INFO] utils.TestListeners - TEST STARTED:ProductDetails
01:35:27 [INFO] tests.ProductDetailsTest - ******Clicking on signupbutton******
01:35:29 [INFO] tests.ProductDetailsTest - ******LoginData******
01:35:29 [INFO] tests.ProductDetailsTest - ******Clicking on Products******
01:35:35 [INFO] tests.ProductDetailsTest - ******Clicking on Category******
01:35:35 [INFO] tests.ProductDetailsTest - ******Clicking on Specific product******
01:35:37 [INFO] tests.ProductDetailsTest - ******Clicking on Add To Cart button******
01:35:37 [INFO] tests.ProductDetailsTest - ******Confimation of Product Added******
01:35:38 [INFO] tests.ProductDetailsTest - ******Clicking on view cart button******
01:35:39 [INFO] utils.TestListeners - TEST Pass:ProductDetails
01:35:39 [INFO] tests.ProductDetailsTest - Closing Browser
01:35:40 [INFO] tests.CheckoutTest - Launching Browser
01:35:41 [INFO] tests.CheckoutTest - Navigating to URL
01:35:43 [INFO] utils.TestListeners - TEST STARTED:checkout
01:35:43 [INFO] tests.CheckoutTest - ******Clicking on signupbutton******
01:35:44 [INFO] tests.CheckoutTest - ******LoginData******
01:35:47 [INFO] tests.CheckoutTest - ******Clicking on Products******
01:35:49 [INFO] tests.CheckoutTest - ******Clicking on Category******
01:35:51 [INFO] tests.CheckoutTest - ******Clicking on Specific product******
01:35:54 [INFO] tests.CheckoutTest - ******Clicking on Add To Cart button******
01:35:54 [INFO] tests.CheckoutTest - ******Clicking on View Cart button******
01:35:55 [INFO] tests.CheckoutTest - ******Clicking on Proceed to Checkout******
01:37:09 [INFO] utils.TestListeners - TEST Skip:checkout
01:37:09 [INFO] utils.TestListeners - TEST STARTED:checkout
01:37:09 [INFO] tests.CheckoutTest - ******Clicking on signupbutton******
01:37:09 [ERROR] utils.TestListeners - TEST Fail:checkout
01:37:09 [ERROR] utils.TestListeners - TEST Fail Reason:org.openqa.selenium.NoSuchSessionException: invalid session id
Build info: version: '4.18.1', revision: 'b1d3319b48'
System info: os.name: 'Windows 10', os.arch: 'amd64', os.version: '10.0', java.version: '17.0.12'
Driver info: org.openqa.selenium.chrome.ChromeDriver
Command: [a8e2137e2d830614dfd4d0d37cbd59aa, findElement {value=Signup / Login, using=link text}]
Capabilities {acceptInsecureCerts: false, browserName: chrome, browserVersion: 143.0.7499.170, chrome: {chromedriverVersion: 143.0.7499.169 (164b20aab62..., userDataDir: C:\WINDOWS\SystemTemp\scope...}, fedcm:accounts: true, goog:chromeOptions: {debuggerAddress: localhost:51603}, goog:processID: 10168, networkConnectionEnabled: false, pageLoadStrategy: normal, platformName: windows, proxy: Proxy(), se:cdp: ws://localhost:51603/devtoo..., se:cdpVersion: 143.0.7499.170, setWindowRect: true, strictFileInteractability: false, timeouts: {implicit: 0, pageLoad: 300000, script: 30000}, unhandledPromptBehavior: dismiss and notify, webauthn:extension:credBlob: true, webauthn:extension:largeBlob: true, webauthn:extension:minPinLength: true, webauthn:extension:prf: true, webauthn:virtualAuthenticators: true}
Session ID: a8e2137e2d830614dfd4d0d37cbd59aa
01:37:09 [ERROR] utils.TestListeners - TEST Fail:checkout
01:37:09 [ERROR] utils.TestListeners - TEST Fail Reason:org.openqa.selenium.NoSuchSessionException: invalid session id
Build info: version: '4.18.1', revision: 'b1d3319b48'
System info: os.name: 'Windows 10', os.arch: 'amd64', os.version: '10.0', java.version: '17.0.12'
Driver info: org.openqa.selenium.chrome.ChromeDriver
Command: [a8e2137e2d830614dfd4d0d37cbd59aa, screenshot {}]
Capabilities {acceptInsecureCerts: false, browserName: chrome, browserVersion: 143.0.7499.170, chrome: {chromedriverVersion: 143.0.7499.169 (164b20aab62..., userDataDir: C:\WINDOWS\SystemTemp\scope...}, fedcm:accounts: true, goog:chromeOptions: {debuggerAddress: localhost:51603}, goog:processID: 10168, networkConnectionEnabled: false, pageLoadStrategy: normal, platformName: windows, proxy: Proxy(), se:cdp: ws://localhost:51603/devtoo..., se:cdpVersion: 143.0.7499.170, setWindowRect: true, strictFileInteractability: false, timeouts: {implicit: 0, pageLoad: 300000, script: 30000}, unhandledPromptBehavior: dismiss and notify, webauthn:extension:credBlob: true, webauthn:extension:largeBlob: true, webauthn:extension:minPinLength: true, webauthn:extension:prf: true, webauthn:virtualAuthenticators: true}
Session ID: a8e2137e2d830614dfd4d0d37cbd59aa
01:37:09 [INFO] tests.CheckoutTest - Closing Browser
01:37:10 [INFO] utils.TestListeners - ====TEST EXECUTION FINISH====
