<?xml version="1.0" encoding="UTF-8"?>
<!-- Generated by org.testng.reporters.JUnitXMLReporter -->
<testsuite ignored="0" hostname="DESKTOP-MJ37PTC" failures="0" tests="6" name="AllTest" time="160.746" errors="0" timestamp="2026-01-07T01:37:10 IST">
  <testcase classname="tests.HomeTest" name="openSignupPage" time="0.983"/>
  <testcase classname="tests.RegistrationTest" name="Register" time="10.349"/>
  <testcase classname="tests.LoginTest" name="login" time="5.949"/>
  <testcase classname="tests.ProductTest" name="Product" time="9.108"/>
  <testcase classname="tests.ProductDetailsTest" name="ProductDetails" time="12.618"/>
  <testcase classname="tests.CheckoutTest" name="checkout" time="86.14">
    <skipped/>
  </testcase> <!-- checkout -->
</testsuite> <!-- AllTest -->
