<?xml version="1.0" encoding="UTF-8"?>
<!-- Generated by org.testng.reporters.JUnitXMLReporter -->
<testsuite ignored="0" hostname="DESKTOP-MJ37PTC" failures="0" tests="3" name="AllTest" time="43.04" errors="0" timestamp="2025-12-23T01:36:09 IST">
  <testcase classname="tests.HomeTest" name="openSignupPage" time="2.607"/>
  <testcase classname="tests.RegistrationTest" name="Register" time="12.092"/>
  <testcase classname="tests.LoginTest" name="login" time="5.75"/>
</testsuite> <!-- AllTest -->
