<?xml version="1.0" encoding="UTF-8"?>
<testng-results ignored="0" total="3" passed="3" failed="0" skipped="0">
  <reporter-output>
  </reporter-output>
  <suite started-at="2025-12-27T02:44:38 IST" name="AutomationSuite" finished-at="2025-12-27T02:45:17 IST" duration-ms="39046">
    <groups>
    </groups>
    <test started-at="2025-12-27T02:44:38 IST" name="AllTest" finished-at="2025-12-27T02:45:17 IST" duration-ms="39046">
      <class name="tests.LoginTest">
        <test-method is-config="true" signature="setup()[pri:0, instance:tests.LoginTest@1568159]" started-at="2025-12-27T02:45:07 IST" name="setup" finished-at="2025-12-27T02:45:14 IST" duration-ms="6642" status="PASS">
          <reporter-output>
          </reporter-output>
        </test-method> <!-- setup -->
        <test-method signature="login()[pri:0, instance:tests.LoginTest@1568159]" started-at="2025-12-27T02:45:14 IST" name="login" finished-at="2025-12-27T02:45:17 IST" duration-ms="2809" status="PASS">
          <reporter-output>
          </reporter-output>
        </test-method> <!-- login -->
        <test-method is-config="true" signature="tearDown()[pri:0, instance:tests.LoginTest@1568159]" started-at="2025-12-27T02:45:17 IST" name="tearDown" finished-at="2025-12-27T02:45:17 IST" duration-ms="149" status="PASS">
          <reporter-output>
          </reporter-output>
        </test-method> <!-- tearDown -->
      </class> <!-- tests.LoginTest -->
      <class name="tests.HomeTest">
        <test-method is-config="true" signature="setup()[pri:0, instance:tests.HomeTest@5e8f9e2d]" started-at="2025-12-27T02:44:38 IST" name="setup" finished-at="2025-12-27T02:44:46 IST" duration-ms="8626" status="PASS">
          <reporter-output>
          </reporter-output>
        </test-method> <!-- setup -->
        <test-method signature="openSignupPage()[pri:0, instance:tests.HomeTest@5e8f9e2d]" started-at="2025-12-27T02:44:46 IST" name="openSignupPage" finished-at="2025-12-27T02:44:49 IST" duration-ms="2282" status="PASS">
          <reporter-output>
          </reporter-output>
        </test-method> <!-- openSignupPage -->
        <test-method is-config="true" signature="tearDown()[pri:0, instance:tests.HomeTest@5e8f9e2d]" started-at="2025-12-27T02:44:49 IST" name="tearDown" finished-at="2025-12-27T02:44:49 IST" duration-ms="173" status="PASS">
          <reporter-output>
          </reporter-output>
        </test-method> <!-- tearDown -->
      </class> <!-- tests.HomeTest -->
      <class name="tests.RegistrationTest">
        <test-method is-config="true" signature="setup()[pri:0, instance:tests.RegistrationTest@65e61854]" started-at="2025-12-27T02:44:49 IST" name="setup" finished-at="2025-12-27T02:44:55 IST" duration-ms="6522" status="PASS">
          <reporter-output>
          </reporter-output>
        </test-method> <!-- setup -->
        <test-method signature="Register()[pri:0, instance:tests.RegistrationTest@65e61854]" started-at="2025-12-27T02:44:55 IST" name="Register" finished-at="2025-12-27T02:45:07 IST" duration-ms="11602" status="PASS">
          <reporter-output>
          </reporter-output>
        </test-method> <!-- Register -->
        <test-method is-config="true" signature="tearDown()[pri:0, instance:tests.RegistrationTest@65e61854]" started-at="2025-12-27T02:45:07 IST" name="tearDown" finished-at="2025-12-27T02:45:07 IST" duration-ms="183" status="PASS">
          <reporter-output>
          </reporter-output>
        </test-method> <!-- tearDown -->
      </class> <!-- tests.RegistrationTest -->
    </test> <!-- AllTest -->
  </suite> <!-- AutomationSuite -->
</testng-results>
