<?xml version="1.0" encoding="UTF-8"?>
<testng-results ignored="0" total="3" passed="3" failed="0" skipped="0">
  <reporter-output>
  </reporter-output>
  <suite started-at="2025-12-23T01:35:26 IST" name="AutomationSuite" finished-at="2025-12-23T01:36:09 IST" duration-ms="43040">
    <groups>
    </groups>
    <test started-at="2025-12-23T01:35:26 IST" name="AllTest" finished-at="2025-12-23T01:36:09 IST" duration-ms="43040">
      <class name="tests.LoginTest">
        <test-method is-config="true" signature="setup()[pri:0, instance:tests.LoginTest@1f2586d6]" started-at="2025-12-23T01:35:59 IST" name="setup" finished-at="2025-12-23T01:36:03 IST" duration-ms="4602" status="PASS">
          <reporter-output>
          </reporter-output>
        </test-method> <!-- setup -->
        <test-method signature="login()[pri:0, instance:tests.LoginTest@1f2586d6]" started-at="2025-12-23T01:36:03 IST" name="login" finished-at="2025-12-23T01:36:09 IST" duration-ms="5750" status="PASS">
          <reporter-output>
          </reporter-output>
        </test-method> <!-- login -->
        <test-method is-config="true" signature="tearDown()[pri:0, instance:tests.LoginTest@1f2586d6]" started-at="2025-12-23T01:36:09 IST" name="tearDown" finished-at="2025-12-23T01:36:09 IST" duration-ms="180" status="PASS">
          <reporter-output>
          </reporter-output>
        </test-method> <!-- tearDown -->
      </class> <!-- tests.LoginTest -->
      <class name="tests.HomeTest">
        <test-method is-config="true" signature="setup()[pri:0, instance:tests.HomeTest@5fe94a96]" started-at="2025-12-23T01:35:26 IST" name="setup" finished-at="2025-12-23T01:35:38 IST" duration-ms="11432" status="PASS">
          <reporter-output>
          </reporter-output>
        </test-method> <!-- setup -->
        <test-method signature="openSignupPage()[pri:0, instance:tests.HomeTest@5fe94a96]" started-at="2025-12-23T01:35:38 IST" name="openSignupPage" finished-at="2025-12-23T01:35:40 IST" duration-ms="2607" status="PASS">
          <reporter-output>
          </reporter-output>
        </test-method> <!-- openSignupPage -->
        <test-method is-config="true" signature="tearDown()[pri:0, instance:tests.HomeTest@5fe94a96]" started-at="2025-12-23T01:35:40 IST" name="tearDown" finished-at="2025-12-23T01:35:40 IST" duration-ms="231" status="PASS">
          <reporter-output>
          </reporter-output>
        </test-method> <!-- tearDown -->
      </class> <!-- tests.HomeTest -->
      <class name="tests.RegistrationTest">
        <test-method is-config="true" signature="setup()[pri:0, instance:tests.RegistrationTest@2f4948e4]" started-at="2025-12-23T01:35:40 IST" name="setup" finished-at="2025-12-23T01:35:46 IST" duration-ms="5823" status="PASS">
          <reporter-output>
          </reporter-output>
        </test-method> <!-- setup -->
        <test-method signature="Register()[pri:0, instance:tests.RegistrationTest@2f4948e4]" started-at="2025-12-23T01:35:46 IST" name="Register" finished-at="2025-12-23T01:35:58 IST" duration-ms="12092" status="PASS">
          <reporter-output>
          </reporter-output>
        </test-method> <!-- Register -->
        <test-method is-config="true" signature="tearDown()[pri:0, instance:tests.RegistrationTest@2f4948e4]" started-at="2025-12-23T01:35:58 IST" name="tearDown" finished-at="2025-12-23T01:35:59 IST" duration-ms="205" status="PASS">
          <reporter-output>
          </reporter-output>
        </test-method> <!-- tearDown -->
      </class> <!-- tests.RegistrationTest -->
    </test> <!-- AllTest -->
  </suite> <!-- AutomationSuite -->
</testng-results>
